{"/Users/hjkang/Documents/idealbloom/ts-prisma-restful-bp/src/app.ts": {"path":"/Users/hjkang/Documents/idealbloom/ts-prisma-restful-bp/src/app.ts","statementMap":{"0":{"start":{"line":1,"column":0},"end":{"line":1,"column":53}},"1":{"start":{"line":2,"column":0},"end":{"line":2,"column":41}},"2":{"start":{"line":3,"column":0},"end":{"line":3,"column":43}},"3":{"start":{"line":4,"column":0},"end":{"line":4,"column":39}},"4":{"start":{"line":6,"column":33},"end":{"line":6,"column":42}},"5":{"start":{"line":8,"column":0},"end":{"line":8,"column":24}},"6":{"start":{"line":9,"column":0},"end":{"line":9,"column":48}},"7":{"start":{"line":10,"column":0},"end":{"line":10,"column":79}},"8":{"start":{"line":12,"column":0},"end":{"line":12,"column":31}},"9":{"start":{"line":13,"column":0},"end":{"line":13,"column":29}},"10":{"start":{"line":15,"column":0},"end":{"line":17,"column":3}},"11":{"start":{"line":16,"column":2},"end":{"line":16,"column":29}},"12":{"start":{"line":31,"column":0},"end":{"line":35,"column":null}},"13":{"start":{"line":32,"column":2},"end":{"line":34,"column":5}},"14":{"start":{"line":33,"column":4},"end":{"line":33,"column":76}},"15":{"start":{"line":37,"column":0},"end":{"line":37,"column":19}}},"fnMap":{"0":{"name":"(anonymous_1)","decl":{"start":{"line":15,"column":13},"end":{"line":15,"column":14}},"loc":{"start":{"line":15,"column":45},"end":{"line":17,"column":1}}},"1":{"name":"(anonymous_2)","decl":{"start":{"line":32,"column":31},"end":{"line":32,"column":34}},"loc":{"start":{"line":32,"column":36},"end":{"line":34,"column":3}}}},"branchMap":{"0":{"loc":{"start":{"line":10,"column":21},"end":{"line":10,"column":76}},"type":"binary-expr","locations":[{"start":{"line":10,"column":21},"end":{"line":10,"column":46}},{"start":{"line":10,"column":50},"end":{"line":10,"column":76}}]},"1":{"loc":{"start":{"line":31,"column":0},"end":{"line":35,"column":null}},"type":"if","locations":[{"start":{"line":31,"column":0},"end":{"line":35,"column":null}}]}},"s":{"0":1,"1":1,"2":1,"3":1,"4":1,"5":1,"6":1,"7":1,"8":1,"9":1,"10":1,"11":0,"12":1,"13":0,"14":0,"15":1},"f":{"0":0,"1":0},"b":{"0":[1,1],"1":[0]}}
,"/Users/hjkang/Documents/idealbloom/ts-prisma-restful-bp/src/prisma/index.ts": {"path":"/Users/hjkang/Documents/idealbloom/ts-prisma-restful-bp/src/prisma/index.ts","statementMap":{"0":{"start":{"line":1,"column":0},"end":{"line":1,"column":46}},"1":{"start":{"line":3,"column":15},"end":{"line":3,"column":33}},"2":{"start":{"line":5,"column":0},"end":{"line":5,"column":22}}},"fnMap":{},"branchMap":{},"s":{"0":1,"1":1,"2":1},"f":{},"b":{}}
,"/Users/hjkang/Documents/idealbloom/ts-prisma-restful-bp/src/routes/auth.ts": {"path":"/Users/hjkang/Documents/idealbloom/ts-prisma-restful-bp/src/routes/auth.ts","statementMap":{"0":{"start":{"line":1,"column":0},"end":{"line":1,"column":53}},"1":{"start":{"line":2,"column":0},"end":{"line":2,"column":33}},"2":{"start":{"line":3,"column":0},"end":{"line":3,"column":65}},"3":{"start":{"line":4,"column":0},"end":{"line":4,"column":36}},"4":{"start":{"line":6,"column":40},"end":{"line":6,"column":49}},"5":{"start":{"line":8,"column":22},"end":{"line":10,"column":1}},"6":{"start":{"line":9,"column":2},"end":{"line":9,"column":29}},"7":{"start":{"line":8,"column":13},"end":{"line":8,"column":22}},"8":{"start":{"line":12,"column":13},"end":{"line":43,"column":3}},"9":{"start":{"line":12,"column":73},"end":{"line":43,"column":2}},"10":{"start":{"line":17,"column":22},"end":{"line":17,"column":48}},"11":{"start":{"line":19,"column":2},"end":{"line":22,"column":null}},"12":{"start":{"line":20,"column":4},"end":{"line":20,"column":54}},"13":{"start":{"line":21,"column":4},"end":{"line":21,"column":11}},"14":{"start":{"line":24,"column":15},"end":{"line":24,"column":38}},"15":{"start":{"line":25,"column":22},"end":{"line":35,"column":4}},"16":{"start":{"line":37,"column":24},"end":{"line":37,"column":57}},"17":{"start":{"line":39,"column":2},"end":{"line":42,"column":5}},"18":{"start":{"line":65,"column":0},"end":{"line":65,"column":35}},"19":{"start":{"line":66,"column":0},"end":{"line":66,"column":35}},"20":{"start":{"line":68,"column":0},"end":{"line":68,"column":26}}},"fnMap":{"0":{"name":"(anonymous_14)","decl":{"start":{"line":8,"column":22},"end":{"line":8,"column":23}},"loc":{"start":{"line":8,"column":60},"end":{"line":10,"column":1}}},"1":{"name":"(anonymous_15)","decl":{"start":{"line":12,"column":35},"end":{"line":12,"column":42}},"loc":{"start":{"line":12,"column":73},"end":{"line":43,"column":2}}},"2":{"name":"(anonymous_16)","decl":{"start":{"line":12,"column":73},"end":{"line":12,"column":null}},"loc":{"start":{"line":12,"column":73},"end":{"line":43,"column":1}}}},"branchMap":{"0":{"loc":{"start":{"line":14,"column":4},"end":{"line":14,"column":16}},"type":"default-arg","locations":[{"start":{"line":14,"column":12},"end":{"line":14,"column":16}}]},"1":{"loc":{"start":{"line":15,"column":4},"end":{"line":15,"column":19}},"type":"default-arg","locations":[{"start":{"line":15,"column":15},"end":{"line":15,"column":19}}]},"2":{"loc":{"start":{"line":16,"column":4},"end":{"line":16,"column":15}},"type":"default-arg","locations":[{"start":{"line":16,"column":11},"end":{"line":16,"column":15}}]},"3":{"loc":{"start":{"line":19,"column":2},"end":{"line":22,"column":null}},"type":"if","locations":[{"start":{"line":19,"column":2},"end":{"line":22,"column":null}}]},"4":{"loc":{"start":{"line":19,"column":6},"end":{"line":19,"column":41}},"type":"binary-expr","locations":[{"start":{"line":19,"column":6},"end":{"line":19,"column":20}},{"start":{"line":19,"column":24},"end":{"line":19,"column":41}}]}},"s":{"0":1,"1":1,"2":1,"3":1,"4":1,"5":1,"6":1,"7":1,"8":1,"9":0,"10":0,"11":0,"12":0,"13":0,"14":0,"15":0,"16":0,"17":0,"18":1,"19":1,"20":1},"f":{"0":1,"1":0,"2":0},"b":{"0":[0],"1":[0],"2":[0],"3":[0],"4":[0,0]}}
,"/Users/hjkang/Documents/idealbloom/ts-prisma-restful-bp/src/routes/sample.ts": {"path":"/Users/hjkang/Documents/idealbloom/ts-prisma-restful-bp/src/routes/sample.ts","statementMap":{"0":{"start":{"line":1,"column":0},"end":{"line":1,"column":53}},"1":{"start":{"line":3,"column":42},"end":{"line":3,"column":51}},"2":{"start":{"line":5,"column":21},"end":{"line":7,"column":1}},"3":{"start":{"line":6,"column":2},"end":{"line":6,"column":28}},"4":{"start":{"line":5,"column":13},"end":{"line":5,"column":21}},"5":{"start":{"line":8,"column":21},"end":{"line":11,"column":1}},"6":{"start":{"line":9,"column":2},"end":{"line":9,"column":24}},"7":{"start":{"line":10,"column":2},"end":{"line":10,"column":28}},"8":{"start":{"line":8,"column":13},"end":{"line":8,"column":21}},"9":{"start":{"line":13,"column":0},"end":{"line":13,"column":34}},"10":{"start":{"line":14,"column":0},"end":{"line":14,"column":35}},"11":{"start":{"line":16,"column":0},"end":{"line":16,"column":28}}},"fnMap":{"0":{"name":"(anonymous_1)","decl":{"start":{"line":5,"column":21},"end":{"line":5,"column":22}},"loc":{"start":{"line":5,"column":59},"end":{"line":7,"column":1}}},"1":{"name":"(anonymous_2)","decl":{"start":{"line":8,"column":21},"end":{"line":8,"column":22}},"loc":{"start":{"line":8,"column":59},"end":{"line":11,"column":1}}}},"branchMap":{},"s":{"0":1,"1":1,"2":1,"3":0,"4":1,"5":1,"6":0,"7":0,"8":1,"9":1,"10":1,"11":1},"f":{"0":0,"1":0},"b":{}}
,"/Users/hjkang/Documents/idealbloom/ts-prisma-restful-bp/src/utils/IBDefinitions.ts": {"path":"/Users/hjkang/Documents/idealbloom/ts-prisma-restful-bp/src/utils/IBDefinitions.ts","statementMap":{"0":{"start":{"line":5,"column":4},"end":{"line":5,"column":19}},"1":{"start":{"line":6,"column":4},"end":{"line":6,"column":26}},"2":{"start":{"line":7,"column":4},"end":{"line":7,"column":27}},"3":{"start":{"line":1,"column":0},"end":{"line":1,"column":13}},"4":{"start":{"line":60,"column":13},"end":{"line":165,"column":2}}},"fnMap":{"0":{"name":"(anonymous_0)","decl":{"start":{"line":4,"column":2},"end":{"line":4,"column":14}},"loc":{"start":{"line":4,"column":41},"end":{"line":8,"column":3}}}},"branchMap":{},"s":{"0":0,"1":0,"2":0,"3":1,"4":1},"f":{"0":0},"b":{}}
,"/Users/hjkang/Documents/idealbloom/ts-prisma-restful-bp/src/utils/asyncWrapper.ts": {"path":"/Users/hjkang/Documents/idealbloom/ts-prisma-restful-bp/src/utils/asyncWrapper.ts","statementMap":{"0":{"start":{"line":2,"column":0},"end":{"line":2,"column":41}},"1":{"start":{"line":19,"column":21},"end":{"line":26,"column":1}},"2":{"start":{"line":20,"column":2},"end":{"line":25,"column":4}},"3":{"start":{"line":21,"column":4},"end":{"line":24,"column":7}},"4":{"start":{"line":22,"column":6},"end":{"line":22,"column":23}},"5":{"start":{"line":23,"column":6},"end":{"line":23,"column":74}},"6":{"start":{"line":28,"column":0},"end":{"line":28,"column":28}}},"fnMap":{"0":{"name":"(anonymous_0)","decl":{"start":{"line":19,"column":21},"end":{"line":19,"column":22}},"loc":{"start":{"line":19,"column":42},"end":{"line":26,"column":1}}},"1":{"name":"(anonymous_1)","decl":{"start":{"line":20,"column":9},"end":{"line":20,"column":10}},"loc":{"start":{"line":20,"column":67},"end":{"line":25,"column":3}}},"2":{"name":"(anonymous_2)","decl":{"start":{"line":21,"column":34},"end":{"line":21,"column":35}},"loc":{"start":{"line":21,"column":47},"end":{"line":24,"column":5}}}},"branchMap":{},"s":{"0":1,"1":1,"2":1,"3":0,"4":0,"5":0,"6":1},"f":{"0":1,"1":0,"2":0},"b":{}}
,"/Users/hjkang/Documents/idealbloom/ts-prisma-restful-bp/src/utils/genBcryptHash.ts": {"path":"/Users/hjkang/Documents/idealbloom/ts-prisma-restful-bp/src/utils/genBcryptHash.ts","statementMap":{"0":{"start":{"line":1,"column":0},"end":{"line":1,"column":28}},"1":{"start":{"line":3,"column":22},"end":{"line":7,"column":1}},"2":{"start":{"line":4,"column":15},"end":{"line":4,"column":45}},"3":{"start":{"line":5,"column":15},"end":{"line":5,"column":47}},"4":{"start":{"line":6,"column":2},"end":{"line":6,"column":14}},"5":{"start":{"line":9,"column":0},"end":{"line":9,"column":29}}},"fnMap":{"0":{"name":"(anonymous_1)","decl":{"start":{"line":3,"column":22},"end":{"line":3,"column":23}},"loc":{"start":{"line":3,"column":77},"end":{"line":7,"column":1}}}},"branchMap":{"0":{"loc":{"start":{"line":3,"column":42},"end":{"line":3,"column":65}},"type":"default-arg","locations":[{"start":{"line":3,"column":63},"end":{"line":3,"column":65}}]}},"s":{"0":1,"1":1,"2":0,"3":0,"4":0,"5":1},"f":{"0":0},"b":{"0":[0]}}
,"/Users/hjkang/Documents/idealbloom/ts-prisma-restful-bp/src/utils/index.ts": {"path":"/Users/hjkang/Documents/idealbloom/ts-prisma-restful-bp/src/utils/index.ts","statementMap":{"0":{"start":{"line":1,"column":0},"end":{"line":1,"column":9}},"1":{"start":{"line":7,"column":2},"end":{"line":1,"column":44}},"2":{"start":{"line":11,"column":2},"end":{"line":1,"column":77}},"3":{"start":{"line":2,"column":0},"end":{"line":2,"column":7}},"4":{"start":{"line":10,"column":2},"end":{"line":2,"column":42}},"5":{"start":{"line":3,"column":0},"end":{"line":3,"column":7}},"6":{"start":{"line":12,"column":2},"end":{"line":3,"column":62}},"7":{"start":{"line":4,"column":0},"end":{"line":4,"column":7}},"8":{"start":{"line":13,"column":2},"end":{"line":4,"column":44}}},"fnMap":{"0":{"name":"(anonymous_1)","decl":{"start":{"line":7,"column":2},"end":{"line":7,"column":8}},"loc":{"start":{"line":7,"column":2},"end":{"line":1,"column":44}}},"1":{"name":"(anonymous_2)","decl":{"start":{"line":11,"column":2},"end":{"line":11,"column":9}},"loc":{"start":{"line":11,"column":2},"end":{"line":1,"column":77}}}},"branchMap":{},"s":{"0":1,"1":1,"2":1,"3":1,"4":1,"5":1,"6":1,"7":1,"8":1},"f":{"0":0,"1":0},"b":{}}
,"/Users/hjkang/Documents/idealbloom/ts-prisma-restful-bp/src/utils/middlewares/somethingHandler.ts": {"path":"/Users/hjkang/Documents/idealbloom/ts-prisma-restful-bp/src/utils/middlewares/somethingHandler.ts","statementMap":{"0":{"start":{"line":3,"column":25},"end":{"line":13,"column":1}},"1":{"start":{"line":10,"column":6},"end":{"line":10,"column":9}},"2":{"start":{"line":12,"column":2},"end":{"line":12,"column":41}},"3":{"start":{"line":12,"column":19},"end":{"line":12,"column":41}},"4":{"start":{"line":15,"column":0},"end":{"line":15,"column":32}}},"fnMap":{"0":{"name":"(anonymous_0)","decl":{"start":{"line":3,"column":25},"end":{"line":3,"column":null}},"loc":{"start":{"line":7,"column":10},"end":{"line":13,"column":1}}}},"branchMap":{"0":{"loc":{"start":{"line":12,"column":2},"end":{"line":12,"column":41}},"type":"if","locations":[{"start":{"line":12,"column":2},"end":{"line":12,"column":41}}]}},"s":{"0":1,"1":0,"2":0,"3":0,"4":1},"f":{"0":0},"b":{"0":[0]}}
}
