TN:
SF:src/app.ts
FN:15,(anonymous_1)
FN:32,(anonymous_2)
FNF:2
FNH:0
FNDA:0,(anonymous_1)
FNDA:0,(anonymous_2)
DA:1,1
DA:2,1
DA:3,1
DA:4,1
DA:6,1
DA:8,1
DA:9,1
DA:10,1
DA:12,1
DA:13,1
DA:15,1
DA:16,0
DA:31,1
DA:32,0
DA:33,0
DA:37,1
LF:16
LH:13
BRDA:10,0,0,1
BRDA:10,0,1,1
BRDA:31,1,0,0
BRF:3
BRH:2
end_of_record
TN:
SF:src/prisma/index.ts
FNF:0
FNH:0
DA:1,1
DA:3,1
DA:5,1
LF:3
LH:3
BRF:0
BRH:0
end_of_record
TN:
SF:src/routes/auth.ts
FN:8,(anonymous_14)
FN:12,(anonymous_15)
FN:12,(anonymous_16)
FNF:3
FNH:1
FNDA:1,(anonymous_14)
FNDA:0,(anonymous_15)
FNDA:0,(anonymous_16)
DA:1,1
DA:2,1
DA:3,1
DA:4,1
DA:6,1
DA:8,1
DA:9,1
DA:12,1
DA:17,0
DA:19,0
DA:20,0
DA:21,0
DA:24,0
DA:25,0
DA:37,0
DA:39,0
DA:65,1
DA:66,1
DA:68,1
LF:19
LH:11
BRDA:14,0,0,0
BRDA:15,1,0,0
BRDA:16,2,0,0
BRDA:19,3,0,0
BRDA:19,4,0,0
BRDA:19,4,1,0
BRF:6
BRH:0
end_of_record
TN:
SF:src/routes/sample.ts
FN:5,(anonymous_1)
FN:8,(anonymous_2)
FNF:2
FNH:0
FNDA:0,(anonymous_1)
FNDA:0,(anonymous_2)
DA:1,1
DA:3,1
DA:5,1
DA:6,0
DA:8,1
DA:9,0
DA:10,0
DA:13,1
DA:14,1
DA:16,1
LF:10
LH:7
BRF:0
BRH:0
end_of_record
TN:
SF:src/utils/IBDefinitions.ts
FN:4,(anonymous_0)
FNF:1
FNH:0
FNDA:0,(anonymous_0)
DA:1,1
DA:5,0
DA:6,0
DA:7,0
DA:60,1
LF:5
LH:2
BRF:0
BRH:0
end_of_record
TN:
SF:src/utils/asyncWrapper.ts
FN:19,(anonymous_0)
FN:20,(anonymous_1)
FN:21,(anonymous_2)
FNF:3
FNH:1
FNDA:1,(anonymous_0)
FNDA:0,(anonymous_1)
FNDA:0,(anonymous_2)
DA:2,1
DA:19,1
DA:20,1
DA:21,0
DA:22,0
DA:23,0
DA:28,1
LF:7
LH:4
BRF:0
BRH:0
end_of_record
TN:
SF:src/utils/genBcryptHash.ts
FN:3,(anonymous_1)
FNF:1
FNH:0
FNDA:0,(anonymous_1)
DA:1,1
DA:3,1
DA:4,0
DA:5,0
DA:6,0
DA:9,1
LF:6
LH:3
BRDA:3,0,0,0
BRF:1
BRH:0
end_of_record
TN:
SF:src/utils/index.ts
FN:7,(anonymous_1)
FN:11,(anonymous_2)
FNF:2
FNH:0
FNDA:0,(anonymous_1)
FNDA:0,(anonymous_2)
DA:1,1
DA:2,1
DA:3,1
DA:4,1
DA:7,1
DA:10,1
DA:11,1
DA:12,1
DA:13,1
LF:9
LH:9
BRF:0
BRH:0
end_of_record
TN:
SF:src/utils/middlewares/somethingHandler.ts
FN:3,(anonymous_0)
FNF:1
FNH:0
FNDA:0,(anonymous_0)
DA:3,1
DA:10,0
DA:12,0
DA:15,1
LF:4
LH:2
BRDA:12,0,0,0
BRF:1
BRH:0
end_of_record
